C:\USERS\YU-SANGIL\DOCUMENTS\CAU_PROGRAMMING_TEAM_2013\TEAM\DEBUG\BASEFUNCTION.OBJ
C:\USERS\YU-SANGIL\DOCUMENTS\CAU_PROGRAMMING_TEAM_2013\TEAM\DEBUG\BRANCH.OBJ
C:\USERS\YU-SANGIL\DOCUMENTS\CAU_PROGRAMMING_TEAM_2013\TEAM\DEBUG\CHAINMANAGE.OBJ
C:\USERS\YU-SANGIL\DOCUMENTS\CAU_PROGRAMMING_TEAM_2013\TEAM\DEBUG\MENUSTRUCT.OBJ
C:\USERS\YU-SANGIL\DOCUMENTS\CAU_PROGRAMMING_TEAM_2013\TEAM\DEBUG\VC100.PDB
C:\USERS\YU-SANGIL\DOCUMENTS\CAU_PROGRAMMING_TEAM_2013\TEAM\DEBUG\BRUANCH.OBJ
C:\USERS\YU-SANGIL\DOCUMENTS\CAU_PROGRAMMING_TEAM_2013\TEAM\DEBUG\USERINFORMATION.OBJ
C:\USERS\ADMINISTRATOR\DOCUMENTS\CAU_PROGRAMMING_TEAM_2013\TEAM\DEBUG\BASEFUNCTION.OBJ
C:\USERS\ADMINISTRATOR\DOCUMENTS\CAU_PROGRAMMING_TEAM_2013\TEAM\DEBUG\BRUANCH.OBJ
C:\USERS\ADMINISTRATOR\DOCUMENTS\CAU_PROGRAMMING_TEAM_2013\TEAM\DEBUG\CHAINMANAGE.OBJ
C:\USERS\ADMINISTRATOR\DOCUMENTS\CAU_PROGRAMMING_TEAM_2013\TEAM\DEBUG\MENUSTRUCT.OBJ
C:\USERS\ADMINISTRATOR\DOCUMENTS\CAU_PROGRAMMING_TEAM_2013\TEAM\DEBUG\USERINFORMATION.OBJ
C:\USERS\ADMINISTRATOR\DOCUMENTS\CAU_PROGRAMMING_TEAM_2013\TEAM\DEBUG\VC110.PDB
C:\USERS\YU-SANGIL\DOCUMENTS\CAU_PROGRAMMING_TEAM_2013\DEBUG\TEAM.ILK
C:\USERS\YU-SANGIL\DOCUMENTS\CAU_PROGRAMMING_TEAM_2013\DEBUG\TEAM.EXE
C:\USERS\YU-SANGIL\DOCUMENTS\CAU_PROGRAMMING_TEAM_2013\TEAM\DEBUG\TEAM.EXE.INTERMEDIATE.MANIFEST
C:\USERS\YU-SANGIL\DOCUMENTS\CAU_PROGRAMMING_TEAM_2013\DEBUG\TEAM.PDB
C:\USERS\YU-SANGIL\DOCUMENTS\CAU_PROGRAMMING_TEAM_2013\TEAM\DEBUG\TEAM.EXE.EMBED.MANIFEST
C:\USERS\YU-SANGIL\DOCUMENTS\CAU_PROGRAMMING_TEAM_2013\TEAM\DEBUG\TEAM.EXE.EMBED.MANIFEST.RES
C:\Users\Administrator\Documents\CAU_Programming_Team_2013\team\Debug\team.vcxprojResolveAssemblyReference.cache
C:\Users\Administrator\Documents\CAU_Programming_Team_2013\team\Debug\BaseFunction.obj
C:\Users\Administrator\Documents\CAU_Programming_Team_2013\team\Debug\branch.obj
C:\Users\Administrator\Documents\CAU_Programming_Team_2013\team\Debug\bruanch.obj
C:\Users\Administrator\Documents\CAU_Programming_Team_2013\team\Debug\ChainManage.obj
C:\Users\Administrator\Documents\CAU_Programming_Team_2013\team\Debug\MenuStruct.obj
C:\Users\Administrator\Documents\CAU_Programming_Team_2013\team\Debug\UserInformation.obj
C:\Users\Administrator\Documents\CAU_Programming_Team_2013\team\Debug\cl.command.1.tlog
C:\Users\Administrator\Documents\CAU_Programming_Team_2013\team\Debug\CL.read.1.tlog
C:\Users\Administrator\Documents\CAU_Programming_Team_2013\team\Debug\CL.write.1.tlog
C:\Users\Administrator\Documents\CAU_Programming_Team_2013\team\Debug\link-cvtres.read.1.tlog
C:\Users\Administrator\Documents\CAU_Programming_Team_2013\team\Debug\link-cvtres.write.1.tlog
C:\Users\Administrator\Documents\CAU_Programming_Team_2013\team\Debug\link-rc.read.1.tlog
C:\Users\Administrator\Documents\CAU_Programming_Team_2013\team\Debug\link-rc.write.1.tlog
C:\Users\Administrator\Documents\CAU_Programming_Team_2013\team\Debug\link.command.1.tlog
C:\Users\Administrator\Documents\CAU_Programming_Team_2013\team\Debug\link.read.1.tlog
C:\Users\Administrator\Documents\CAU_Programming_Team_2013\team\Debug\link.write.1.tlog
C:\Users\Administrator\Documents\CAU_Programming_Team_2013\team\Debug\mt.command.1.tlog
C:\Users\Administrator\Documents\CAU_Programming_Team_2013\team\Debug\mt.read.1.tlog
C:\Users\Administrator\Documents\CAU_Programming_Team_2013\team\Debug\mt.write.1.tlog
C:\Users\Administrator\Documents\CAU_Programming_Team_2013\team\Debug\rc.command.1.tlog
C:\Users\Administrator\Documents\CAU_Programming_Team_2013\team\Debug\rc.read.1.tlog
C:\Users\Administrator\Documents\CAU_Programming_Team_2013\team\Debug\rc.write.1.tlog
C:\Users\Administrator\Documents\CAU_Programming_Team_2013\team\Debug\team.write.1.tlog
C:\Users\Administrator\Documents\CAU_Programming_Team_2013\team\Debug\team.exe.embed.manifest
C:\Users\Administrator\Documents\CAU_Programming_Team_2013\team\Debug\team.exe.intermediate.manifest
C:\Users\Administrator\Documents\CAU_Programming_Team_2013\team\Debug\team.exe.embed.manifest.res
C:\Users\Administrator\Documents\CAU_Programming_Team_2013\team\Debug\vc100.idb
C:\Users\Administrator\Documents\CAU_Programming_Team_2013\team\Debug\vc110.idb
C:\Users\Administrator\Documents\CAU_Programming_Team_2013\team\Debug\vc100.pdb
C:\Users\Administrator\Documents\CAU_Programming_Team_2013\team\Debug\vc110.pdb
C:\Users\Administrator\Documents\CAU_Programming_Team_2013\team\Debug\team_manifest.rc
C:\Users\Administrator\Documents\CAU_Programming_Team_2013\Debug\team.pdb
